Configuring tasty-0.10.1.2...
Building tasty-0.10.1.2...
Preprocessing library tasty-0.10.1.2...

Test/Tasty/Options.hs:3:14: Warning:
    -XOverlappingInstances is deprecated: instead use per-instance pragmas OVERLAPPING/OVERLAPPABLE/OVERLAPS
[ 1 of 18] Compiling Test.Tasty.Parallel ( Test/Tasty/Parallel.hs, .stack-work/dist/x86_64-linux/Cabal-1.22.4.0/build/Test/Tasty/Parallel.o )
[ 2 of 18] Compiling Test.Tasty.Runners.Utils ( Test/Tasty/Runners/Utils.hs, .stack-work/dist/x86_64-linux/Cabal-1.22.4.0/build/Test/Tasty/Runners/Utils.o )

Test/Tasty/Runners/Utils.hs:6:1: Warning:
    The import of ‘Control.Applicative’ is redundant
      except perhaps to import instances from ‘Control.Applicative’
    To import instances alone, use: import Control.Applicative()
[ 3 of 18] Compiling Test.Tasty.Runners.Reducers ( Test/Tasty/Runners/Reducers.hs, .stack-work/dist/x86_64-linux/Cabal-1.22.4.0/build/Test/Tasty/Runners/Reducers.o )

Test/Tasty/Runners/Reducers.hs:44:1: Warning:
    The import of ‘Data.Monoid’ is redundant
      except perhaps to import instances from ‘Data.Monoid’
    To import instances alone, use: import Data.Monoid()
[ 4 of 18] Compiling Test.Tasty.Options ( Test/Tasty/Options.hs, .stack-work/dist/x86_64-linux/Cabal-1.22.4.0/build/Test/Tasty/Options.o )

Test/Tasty/Options.hs:27:1: Warning:
    The import of ‘Data.Proxy’ is redundant
      except perhaps to import instances from ‘Data.Proxy’
    To import instances alone, use: import Data.Proxy()

Test/Tasty/Options.hs:29:1: Warning:
    The import of ‘Data.Foldable’ is redundant
      except perhaps to import instances from ‘Data.Foldable’
    To import instances alone, use: import Data.Foldable()
[ 5 of 18] Compiling Test.Tasty.Patterns ( Test/Tasty/Patterns.hs, .stack-work/dist/x86_64-linux/Cabal-1.22.4.0/build/Test/Tasty/Patterns.o )
[ 6 of 18] Compiling Test.Tasty.Options.Core ( Test/Tasty/Options/Core.hs, .stack-work/dist/x86_64-linux/Cabal-1.22.4.0/build/Test/Tasty/Options/Core.o )

Test/Tasty/Options/Core.hs:14:1: Warning:
    The import of ‘Data.Proxy’ is redundant
      except perhaps to import instances from ‘Data.Proxy’
    To import instances alone, use: import Data.Proxy()
[ 7 of 18] Compiling Test.Tasty.Core  ( Test/Tasty/Core.hs, .stack-work/dist/x86_64-linux/Cabal-1.22.4.0/build/Test/Tasty/Core.o )

Test/Tasty/Core.hs:10:1: Warning:
    The import of ‘Data.Foldable’ is redundant
      except perhaps to import instances from ‘Data.Foldable’
    To import instances alone, use: import Data.Foldable()

Test/Tasty/Core.hs:11:1: Warning:
    The import of ‘Data.Monoid’ is redundant
      except perhaps to import instances from ‘Data.Monoid’
    To import instances alone, use: import Data.Monoid()
[ 8 of 18] Compiling Test.Tasty.Providers ( Test/Tasty/Providers.hs, .stack-work/dist/x86_64-linux/Cabal-1.22.4.0/build/Test/Tasty/Providers.o )
[ 9 of 18] Compiling Test.Tasty.Run   ( Test/Tasty/Run.hs, .stack-work/dist/x86_64-linux/Cabal-1.22.4.0/build/Test/Tasty/Run.o )

Test/Tasty/Run.hs:22:1: Warning:
    The import of ‘Control.Applicative’ is redundant
      except perhaps to import instances from ‘Control.Applicative’
    To import instances alone, use: import Control.Applicative()
[10 of 18] Compiling Test.Tasty.Ingredients ( Test/Tasty/Ingredients.hs, .stack-work/dist/x86_64-linux/Cabal-1.22.4.0/build/Test/Tasty/Ingredients.o )
[11 of 18] Compiling Test.Tasty.Ingredients.IncludingOptions ( Test/Tasty/Ingredients/IncludingOptions.hs, .stack-work/dist/x86_64-linux/Cabal-1.22.4.0/build/Test/Tasty/Ingredients/IncludingOptions.o )
[12 of 18] Compiling Test.Tasty.Ingredients.ConsoleReporter ( Test/Tasty/Ingredients/ConsoleReporter.hs, .stack-work/dist/x86_64-linux/Cabal-1.22.4.0/build/Test/Tasty/Ingredients/ConsoleReporter.o )

Test/Tasty/Ingredients/ConsoleReporter.hs:15:1: Warning:
    The import of ‘Control.Applicative’ is redundant
      except perhaps to import instances from ‘Control.Applicative’
    To import instances alone, use: import Control.Applicative()

Test/Tasty/Ingredients/ConsoleReporter.hs:30:1: Warning:
    The import of ‘Data.Foldable’ is redundant
      except perhaps to import instances from ‘Data.Foldable’
    To import instances alone, use: import Data.Foldable()
[13 of 18] Compiling Test.Tasty.Ingredients.ListTests ( Test/Tasty/Ingredients/ListTests.hs, .stack-work/dist/x86_64-linux/Cabal-1.22.4.0/build/Test/Tasty/Ingredients/ListTests.o )

Test/Tasty/Ingredients/ListTests.hs:10:1: Warning:
    The import of ‘Data.Proxy’ is redundant
      except perhaps to import instances from ‘Data.Proxy’
    To import instances alone, use: import Data.Proxy()
[14 of 18] Compiling Test.Tasty.Ingredients.Basic ( Test/Tasty/Ingredients/Basic.hs, .stack-work/dist/x86_64-linux/Cabal-1.22.4.0/build/Test/Tasty/Ingredients/Basic.o )
[15 of 18] Compiling Test.Tasty.Options.Env ( Test/Tasty/Options/Env.hs, .stack-work/dist/x86_64-linux/Cabal-1.22.4.0/build/Test/Tasty/Options/Env.o )

Test/Tasty/Options/Env.hs:11:1: Warning:
    The import of ‘Data.Foldable’ is redundant
      except perhaps to import instances from ‘Data.Foldable’
    To import instances alone, use: import Data.Foldable()

Test/Tasty/Options/Env.hs:17:1: Warning:
    The import of ‘Control.Applicative’ is redundant
      except perhaps to import instances from ‘Control.Applicative’
    To import instances alone, use: import Control.Applicative()
[16 of 18] Compiling Test.Tasty.CmdLine ( Test/Tasty/CmdLine.hs, .stack-work/dist/x86_64-linux/Cabal-1.22.4.0/build/Test/Tasty/CmdLine.o )

Test/Tasty/CmdLine.hs:11:1: Warning:
    The import of ‘Data.Monoid’ is redundant
      except perhaps to import instances from ‘Data.Monoid’
    To import instances alone, use: import Data.Monoid()

Test/Tasty/CmdLine.hs:13:1: Warning:
    The import of ‘Data.Foldable’ is redundant
      except perhaps to import instances from ‘Data.Foldable’
    To import instances alone, use: import Data.Foldable()
[17 of 18] Compiling Test.Tasty.Runners ( Test/Tasty/Runners.hs, .stack-work/dist/x86_64-linux/Cabal-1.22.4.0/build/Test/Tasty/Runners.o )
[18 of 18] Compiling Test.Tasty       ( Test/Tasty.hs, .stack-work/dist/x86_64-linux/Cabal-1.22.4.0/build/Test/Tasty.o )
In-place registering tasty-0.10.1.2...
Installing library in
/home/athan/.stack/snapshots/x86_64-linux/nightly-2015-09-03/7.10.2/lib/x86_64-linux-ghc-7.10.2/tasty-0.10.1.2-93qPtoP8MN08OPDa5zSJMU
Registering tasty-0.10.1.2...
